# JRE version: OpenJDK Runtime Environment (17.0.7) (build 17.0.7+0-b2043.56-10550314)
# Java VM: OpenJDK 64-Bit Server VM (17.0.7+0-b2043.56-10550314, mixed mode, tiered, compressed oops, compressed class ptrs, g1 gc, windows-amd64)
GC Precious Log:
 CPUs: 8 total, 8 available
 Memory: 7886M
 Large Page Support: Disabled
 NUMA Support: Disabled
 Compressed Oops: Enabled (32-bit)
 Heap Region Size: 1M
 Heap Min Capacity: 8M
 Heap Initial Capacity: 124M
 Heap Max Capacity: 2G
 Pre-touch: Disabled
 Parallel Workers: 8
 Concurrent Workers: 2
 Concurrent Refinement Workers: 8
 Periodic GC: Disabled
Heap:
 garbage-first heap   total 268288K, used 230128K [0x0000000080000000, 0x0000000100000000)
  region size 1024K, 67 young (68608K), 9 survivors (9216K)
 Metaspace       used 140718K, committed 141568K, reserved 1179648K
  class space    used 19135K, committed 19520K, reserved 1048576K
GC Heap History (20 events):
Event: 26.372 GC heap before
{Heap before GC invocations=48 (full 0):
 garbage-first heap   total 268288K, used 215308K [0x0000000080000000, 0x0000000100000000)
  region size 1024K, 132 young (135168K), 1 survivors (1024K)
 Metaspace       used 96134K, committed 96768K, reserved 1179648K
  class space    used 13193K, committed 13504K, reserved 1048576K
}
Event: 26.406 GC heap after
{Heap after GC invocations=49 (full 0):
 garbage-first heap   total 268288K, used 99458K [0x0000000080000000, 0x0000000100000000)
  region size 1024K, 17 young (17408K), 17 survivors (17408K)
 Metaspace       used 96134K, committed 96768K, reserved 1179648K
  class space    used 13193K, committed 13504K, reserved 1048576K
}
Event: 28.438 GC heap before
{Heap before GC invocations=49 (full 0):
 garbage-first heap   total 268288K, used 221314K [0x0000000080000000, 0x0000000100000000)
  region size 1024K, 112 young (114688K), 17 survivors (17408K)
 Metaspace       used 101350K, committed 102144K, reserved 1179648K
  class space    used 13753K, committed 14144K, reserved 1048576K
}
Event: 28.458 GC heap after
{Heap after GC invocations=50 (full 0):
 garbage-first heap   total 268288K, used 107123K [0x0000000080000000, 0x0000000100000000)
  region size 1024K, 8 young (8192K), 8 survivors (8192K)
 Metaspace       used 101350K, committed 102144K, reserved 1179648K
  class space    used 13753K, committed 14144K, reserved 1048576K
}
Event: 29.907 GC heap before
{Heap before GC invocations=50 (full 0):
 garbage-first heap   total 268288K, used 202355K [0x0000000080000000, 0x0000000100000000)
  region size 1024K, 102 young (104448K), 8 survivors (8192K)
 Metaspace       used 105428K, committed 106176K, reserved 1179648K
  class space    used 14128K, committed 14464K, reserved 1048576K
}
Event: 29.929 GC heap after
{Heap after GC invocations=51 (full 0):
 garbage-first heap   total 268288K, used 117075K [0x0000000080000000, 0x0000000100000000)
  region size 1024K, 10 young (10240K), 10 survivors (10240K)
 Metaspace       used 105428K, committed 106176K, reserved 1179648K
  class space    used 14128K, committed 14464K, reserved 1048576K
}
Event: 31.319 GC heap before
{Heap before GC invocations=51 (full 0):
 garbage-first heap   total 268288K, used 206163K [0x0000000080000000, 0x0000000100000000)
  region size 1024K, 98 young (100352K), 10 survivors (10240K)
 Metaspace       used 106401K, committed 107136K, reserved 1179648K
  class space    used 14222K, committed 14592K, reserved 1048576K
}
Event: 31.336 GC heap after
{Heap after GC invocations=52 (full 0):
 garbage-first heap   total 268288K, used 122493K [0x0000000080000000, 0x0000000100000000)
  region size 1024K, 8 young (8192K), 8 survivors (8192K)
 Metaspace       used 106401K, committed 107136K, reserved 1179648K
  class space    used 14222K, committed 14592K, reserved 1048576K
}
Event: 35.073 GC heap before
{Heap before GC invocations=52 (full 0):
 garbage-first heap   total 268288K, used 210557K [0x0000000080000000, 0x0000000100000000)
  region size 1024K, 95 young (97280K), 8 survivors (8192K)
 Metaspace       used 108644K, committed 109440K, reserved 1179648K
  class space    used 14477K, committed 14848K, reserved 1048576K
}
Event: 35.083 GC heap after
{Heap after GC invocations=53 (full 0):
 garbage-first heap   total 268288K, used 127247K [0x0000000080000000, 0x0000000100000000)
  region size 1024K, 6 young (6144K), 6 survivors (6144K)
 Metaspace       used 108644K, committed 109440K, reserved 1179648K
  class space    used 14477K, committed 14848K, reserved 1048576K
}
Event: 36.411 GC heap before
{Heap before GC invocations=53 (full 0):
 garbage-first heap   total 268288K, used 215311K [0x0000000080000000, 0x0000000100000000)
  region size 1024K, 91 young (93184K), 6 survivors (6144K)
 Metaspace       used 116819K, committed 117568K, reserved 1179648K
  class space    used 15499K, committed 15872K, reserved 1048576K
}
Event: 36.423 GC heap after
{Heap after GC invocations=54 (full 0):
 garbage-first heap   total 268288K, used 137150K [0x0000000080000000, 0x0000000100000000)
  region size 1024K, 12 young (12288K), 12 survivors (12288K)
 Metaspace       used 116819K, committed 117568K, reserved 1179648K
  class space    used 15499K, committed 15872K, reserved 1048576K
}
Event: 37.813 GC heap before
{Heap before GC invocations=54 (full 0):
 garbage-first heap   total 268288K, used 217022K [0x0000000080000000, 0x0000000100000000)
  region size 1024K, 89 young (91136K), 12 survivors (12288K)
 Metaspace       used 120765K, committed 121536K, reserved 1179648K
  class space    used 16001K, committed 16384K, reserved 1048576K
}
Event: 37.823 GC heap after
{Heap after GC invocations=55 (full 0):
 garbage-first heap   total 268288K, used 137416K [0x0000000080000000, 0x0000000100000000)
  region size 1024K, 4 young (4096K), 4 survivors (4096K)
 Metaspace       used 120765K, committed 121536K, reserved 1179648K
  class space    used 16001K, committed 16384K, reserved 1048576K
}
Event: 38.957 GC heap before
{Heap before GC invocations=55 (full 0):
 garbage-first heap   total 268288K, used 217288K [0x0000000080000000, 0x0000000100000000)
  region size 1024K, 83 young (84992K), 4 survivors (4096K)
 Metaspace       used 128979K, committed 129856K, reserved 1179648K
  class space    used 17312K, committed 17728K, reserved 1048576K
}
Event: 38.972 GC heap after
{Heap after GC invocations=56 (full 0):
 garbage-first heap   total 268288K, used 145769K [0x0000000080000000, 0x0000000100000000)
  region size 1024K, 11 young (11264K), 11 survivors (11264K)
 Metaspace       used 128979K, committed 129856K, reserved 1179648K
  class space    used 17312K, committed 17728K, reserved 1048576K
}
Event: 40.324 GC heap before
{Heap before GC invocations=56 (full 0):
 garbage-first heap   total 268288K, used 216425K [0x0000000080000000, 0x0000000100000000)
  region size 1024K, 81 young (82944K), 11 survivors (11264K)
 Metaspace       used 135158K, committed 136000K, reserved 1179648K
  class space    used 18272K, committed 18688K, reserved 1048576K
}
Event: 40.368 GC heap after
{Heap after GC invocations=57 (full 0):
 garbage-first heap   total 268288K, used 148802K [0x0000000080000000, 0x0000000100000000)
  region size 1024K, 4 young (4096K), 4 survivors (4096K)
 Metaspace       used 135158K, committed 136000K, reserved 1179648K
  class space    used 18272K, committed 18688K, reserved 1048576K
}
Event: 41.303 GC heap before
{Heap before GC invocations=57 (full 0):
 garbage-first heap   total 268288K, used 220482K [0x0000000080000000, 0x0000000100000000)
  region size 1024K, 74 young (75776K), 4 survivors (4096K)
 Metaspace       used 137967K, committed 138880K, reserved 1179648K
  class space    used 18777K, committed 19200K, reserved 1048576K
}
Event: 41.319 GC heap after
{Heap after GC invocations=58 (full 0):
 garbage-first heap   total 268288K, used 154352K [0x0000000080000000, 0x0000000100000000)
  region size 1024K, 9 young (9216K), 9 survivors (9216K)
 Metaspace       used 137967K, committed 138880K, reserved 1179648K
  class space    used 18777K, committed 19200K, reserved 1048576K
}

